###############################################################
#  Generated by:      Cadence Innovus 17.12-s095_1
#  OS:                Linux x86_64(Host ID eecad5)
#  Generated on:      Sun Dec  8 23:14:01 2024
#  Design:            GCN
#  Command:           report_ccopt_clock_trees -filename ./cts/clock_trees.rpt
###############################################################

Clock DAG stats:
================

------------------------------------------------------------
Cell type                     Count    Area      Capacitance
------------------------------------------------------------
Buffers                        16      61.586      20.493
Inverters                       0       0.000       0.000
Integrated Clock Gates          0       0.000       0.000
Non-Integrated Clock Gates      0       0.000       0.000
Clock Logic                     0       0.000       0.000
All                            16      61.586      20.493
------------------------------------------------------------


Clock DAG wire lengths:
=======================

--------------------
Type     Wire Length
--------------------
Top          0.000
Trunk      713.312
Leaf      4547.112
Total     5260.424
--------------------


Clock DAG capacitances:
=======================

--------------------------------------
Type     Gate       Wire       Total
--------------------------------------
Top        0.000      0.000      0.000
Trunk     20.493     16.762     37.255
Leaf     395.903    120.211    516.114
Total    416.396    136.973    553.369
--------------------------------------


Clock DAG sink capacitances:
============================

----------------------------------------------------------
Count    Total      Average    Std. Dev.    Min      Max
----------------------------------------------------------
1204     395.903     0.329       0.000      0.329    0.329
----------------------------------------------------------


Clock DAG net violations:
=========================

None


Clock DAG primary half-corner transition distribution:
======================================================

-----------------------------------------------------------------------------------------------------------------------------
Net Type    Target    Count    Average    Std. Dev.    Min     Max     Distribution                               Over Target
-----------------------------------------------------------------------------------------------------------------------------
Trunk       100.0       4       26.8        17.5       15.5    52.5    {2 <= 20.0ps, 1 <= 40.0ps, 1 <= 60.0ps}         -
Leaf        100.0      13       48.0         8.9       34.6    68.1    {3 <= 40.0ps, 9 <= 60.0ps, 1 <= 80.0ps}         -
-----------------------------------------------------------------------------------------------------------------------------


Clock DAG library cell distribution:
====================================

----------------------------------------------------
Name                   Type      Inst     Inst Area 
                                 Count    (um^2)
----------------------------------------------------
BUFx16f_ASAP7_75t_R    buffer      2        10.264
BUFx12f_ASAP7_75t_R    buffer      7        29.393
BUFx12_ASAP7_75t_R     buffer      1         3.732
BUFx10_ASAP7_75t_R     buffer      4        13.064
BUFx8_ASAP7_75t_R      buffer      1         2.799
BUFx6f_ASAP7_75t_R     buffer      1         2.333
----------------------------------------------------



Please note that the following tables reflect only the defined clock trees, so the flop counts might not include all flops in your design.

Clock Tree Summary:
===================

------------------------------------------------------------------------------------------------------------------------------------------------------------------------------------------------------------
Clock Tree  # Posedge  # Negedge  # RAM  # Enable  # Non enable  # Other  # Clock  # Bufs  # Invs  # Other  # Implicit  Max       Max     Max      Max          Standard   Wire     Gate     Clock Tree Root
Name        Flops      Flops      Clock  Latch     Latch         Sinks    Gates                    Clock    ignore/     Non-leaf  Leaf    Length   Source-sink  cell area  cap      cap      
                                  Pins   Sinks     Sinks                                           Cells    stop pins   Fanout    Fanout  (um)     Resistance   (um^2)     (fF)     (fF)     
                                                                                                                                                   (Ohms)                                    
------------------------------------------------------------------------------------------------------------------------------------------------------------------------------------------------------------
clk           1204         0        0       0           0           0        0       16      0        0         0          5       100    199.508    34197.7     61.586    136.973  416.396  clk
------------------------------------------------------------------------------------------------------------------------------------------------------------------------------------------------------------

Summary across all clock trees :
================================

--------------------------------------------------------------------------------------------------------------------------------------------------------------------------------------------------
# Posedge  # Negedge  # RAM  # Enable  # Non enable  # Other  # Clock  # Bufs  # Invs  # Other  # Implicit  Max       Average   Max     Average  Max      Max          Standard   Wire     Gate
Flops      Flops      Clock  Latch     Latch         Sinks    Gates                    Clock    ignore/     Non-leaf  Non-leaf  Leaf    Leaf     Length   Source-sink  cell area  cap      cap
                      Pins   Sinks     Sinks                                           Cells    stop pins   Fanout    Fanout    Fanout  Fanout   (um)     Resistance   (um^2)     (fF)     (fF)
                                                                                                                                                          (Ohms)                           
--------------------------------------------------------------------------------------------------------------------------------------------------------------------------------------------------
  1204         0        0       0           0           0        0       16      0        0         0          5         4       100    92.6154  199.508   3419.767     61.586    136.973  416.396
--------------------------------------------------------------------------------------------------------------------------------------------------------------------------------------------------

Physical metrics across all clock trees
=======================================

-------------------------------------------------------------------------
Metric                               Minimum  Average   Maximum   Std.dev
-------------------------------------------------------------------------
Source-sink routed net length (um)    42.408    85.716   199.508   38.239
Source-sink manhattan distance (um)   35.784    84.672   199.476   40.979
Source-sink resistance (Ohm)         740.488  1361.918  3419.767  616.937
-------------------------------------------------------------------------

Count of violations across all clock trees:
===========================================

---------------------------------------------------------------------------------------
Clock Tree  # Max capacitance  # Max resistance  # Max length  # Max fanout  # Slew
Name        violations         violations        violations    violations    violations
---------------------------------------------------------------------------------------
clk                 0                 0               0             0            0
---------------------------------------------------------------------------------------
Total               0                 0               0             0            0
---------------------------------------------------------------------------------------

Note the above table per clock tree is based on CCOpt clock tree view. The violations are counted across half corners.

Found a total of 0 clock tree pins with max capacitance violations.
Found a total of 0 clock tree nets with max resistance violations.
Found a total of 0 clock tree nets with max length violations.
Found a total of 0 clock tree nets with max fanout violations.
Found a total of 0 clock tree pins with a slew violation.

Report for clock tree: clk
==========================

Clock Tree Gating Structure (Logical):

# Full cycle clock gates   : 0
Minimum clock gating depth : 0
Maximum clock gating depth : 0
Clock gate area (um^2)     : 0.000

Clock Tree Buffering Structure (Logical):

# Buffers             : 16
# Inverters           :  0
  Total               : 16
Minimum depth         :  2
Maximum depth         :  2
Buffering area (um^2) : 61.586

Clock Tree Level Structure (Logical):

---------------------------------------------------------------------------
Level  # Full  # Posedge  # Negedge  # RAM  # Enable  # Non enable  # Other
       Cycle   Flops      Flops      Clock  Latch     Latch         Sinks
                                     Pins   Sinks     Sinks         
---------------------------------------------------------------------------
root     0       1204         0        0       0           0           0
---------------------------------------------------------------------------
Total    0       1204         0        0       0           0           0
---------------------------------------------------------------------------

Target and measured clock slews (in ps):

---------------------------------------------------------------------------------------------------------------------------------------
Timing Corner                 Worst Rising  Worst Falling  Worst Rising  Worst Falling  Leaf Slew    Leaf Slew  Trunk Slew   Trunk Slew
                              Leaf Slew     Leaf Slew      Trunk Slew    Trunk Slew     Target Type  Target     Target Type  Target
---------------------------------------------------------------------------------------------------------------------------------------
delayCorner_fast:hold.early       57.3          45.8           47.4          41.9       ignored          -      ignored          -
delayCorner_fast:hold.late        68.1          54.2           52.5          46.3       ignored          -      ignored          -
delayCorner_slow:setup.early      57.3          45.8           47.4          41.9       ignored          -      ignored          -
delayCorner_slow:setup.late       68.1          54.2           52.5          46.3       explicit      100.0     explicit      100.0
---------------------------------------------------------------------------------------------------------------------------------------

* - indicates that target was not met.

auto extracted - target was extracted from SDC.
auto computed - target was computed when balancing trees.

